New log file opened at Fri Jun 24 18:28:09 EDT 2016 by 15944@PravarKapoor
Sending msg to client play-fork-run-19295c68-86fb-4c2c-aff1-e3822e520d74: DetachedLogEvent(LogMessage(debug,sbt server socket logs are in: C:\Users\Pravar\Desktop\hospital-web\.sbtserver\connections\master.log))
Sending msg to client play-fork-run-19295c68-86fb-4c2c-aff1-e3822e520d74: DetachedLogEvent(LogMessage(debug,sbt client logs are in: C:\Users\Pravar\Desktop\hospital-web\.sbtserver\connections\play-fork-run-19295c68-86fb-4c2c-aff1-e3822e520d74.log))
Sending msg to client play-fork-run-19295c68-86fb-4c2c-aff1-e3822e520d74: DetachedLogEvent(LogMessage(debug,sbt general server logs are in: C:\Users\Pravar\Desktop\hospital-web\.sbtserver\master.log))
Reading next message from client.
Got request: DaemonRequest(true)
Reading next message from client.
Sending msg to client play-fork-run-19295c68-86fb-4c2c-aff1-e3822e520d74: (3,ReceivedResponse())
Got request: ListenToEvents()
Reading next message from client.
Sending msg to client play-fork-run-19295c68-86fb-4c2c-aff1-e3822e520d74: DetachedLogEvent(LogMessage(debug,> --initialize))
Sending msg to client play-fork-run-19295c68-86fb-4c2c-aff1-e3822e520d74: DetachedLogEvent(LogMessage(debug,> initialize))
Sending msg to client play-fork-run-19295c68-86fb-4c2c-aff1-e3822e520d74: DetachedLogEvent(LogMessage(debug,> onFailure load-failed))
Sending msg to client play-fork-run-19295c68-86fb-4c2c-aff1-e3822e520d74: DetachedLogEvent(LogMessage(debug,> boot))
Sending msg to client play-fork-run-19295c68-86fb-4c2c-aff1-e3822e520d74: DetachedLogEvent(LogMessage(debug,> reload))
Sending msg to client play-fork-run-19295c68-86fb-4c2c-aff1-e3822e520d74: DetachedLogEvent(LogMessage(debug,[Loading] Scanning directory C:\Users\Pravar\Desktop\hospital-web\project))
Sending msg to client play-fork-run-19295c68-86fb-4c2c-aff1-e3822e520d74: (4,ReceivedResponse())
Got request: KeyLookupRequest(root/playForkConfig)
Reading next message from client.
Sending msg to client play-fork-run-19295c68-86fb-4c2c-aff1-e3822e520d74: DetachedLogEvent(LogMessage(debug,[Loading] Found non-root projects ))
Sending msg to client play-fork-run-19295c68-86fb-4c2c-aff1-e3822e520d74: DetachedLogEvent(LogMessage(debug,[Loading] Done in C:\Users\Pravar\Desktop\hospital-web\project, returning: ()))
Sending msg to client play-fork-run-19295c68-86fb-4c2c-aff1-e3822e520d74: DetachedLogEvent(LogMessage(debug,deducing auto plugins based on known facts Set(Atom(sbt.plugins.CorePlugin)) and clauses Clauses(List(Clause(Atom(sbt.plugins.JvmPlugin),Set(Atom(sbt.plugins.IvyPlugin))), Clause(Atom(sbt.plugins.JUnitXmlReportPlugin),Set(Atom(sbt.plugins.JvmPlugin))), Clause(Atom(sbt.plugins.CorePlugin),Set(Atom(sbt.plugins.IvyPlugin))), Clause(Atom(sbt.plugins.IvyPlugin),Set(Atom(sbt.plugins.JvmPlugin))), Clause(Atom(sbt.plugins.JvmPlugin),Set(Atom(sbt.plugins.JUnitXmlReportPlugin)))))))
Sending msg to client play-fork-run-19295c68-86fb-4c2c-aff1-e3822e520d74: DetachedLogEvent(LogMessage(debug,  :: deduced result: Matched(sbt.plugins.CorePlugin,sbt.plugins.IvyPlugin,sbt.plugins.JvmPlugin,sbt.plugins.JUnitXmlReportPlugin)))
Sending msg to client play-fork-run-19295c68-86fb-4c2c-aff1-e3822e520d74: DetachedLogEvent(LogMessage(debug,sorting: ns: List(sbt.plugins.CorePlugin, sbt.plugins.IvyPlugin, sbt.plugins.JvmPlugin, sbt.plugins.JUnitXmlReportPlugin)))
Sending msg to client play-fork-run-19295c68-86fb-4c2c-aff1-e3822e520d74: DetachedLogEvent(LogMessage(debug,  :: sorting:: found: List(sbt.plugins.CorePlugin) not found List(sbt.plugins.IvyPlugin, sbt.plugins.JvmPlugin, sbt.plugins.JUnitXmlReportPlugin)))
Sending msg to client play-fork-run-19295c68-86fb-4c2c-aff1-e3822e520d74: DetachedLogEvent(LogMessage(debug,  :: sorting:: found: List(sbt.plugins.CorePlugin, sbt.plugins.IvyPlugin) not found List(sbt.plugins.JvmPlugin, sbt.plugins.JUnitXmlReportPlugin)))
Sending msg to client play-fork-run-19295c68-86fb-4c2c-aff1-e3822e520d74: DetachedLogEvent(LogMessage(debug,  :: sorting:: found: List(sbt.plugins.CorePlugin, sbt.plugins.IvyPlugin, sbt.plugins.JvmPlugin) not found List(sbt.plugins.JUnitXmlReportPlugin)))
Sending msg to client play-fork-run-19295c68-86fb-4c2c-aff1-e3822e520d74: DetachedLogEvent(LogMessage(debug,  :: sorting:: found: List(sbt.plugins.CorePlugin, sbt.plugins.IvyPlugin, sbt.plugins.JvmPlugin, sbt.plugins.JUnitXmlReportPlugin) not found List()))
Sending msg to client play-fork-run-19295c68-86fb-4c2c-aff1-e3822e520d74: DetachedLogEvent(LogMessage(debug,  :: sorted deduced result: List(sbt.plugins.CorePlugin, sbt.plugins.IvyPlugin, sbt.plugins.JvmPlugin, sbt.plugins.JUnitXmlReportPlugin)))
Sending msg to client play-fork-run-19295c68-86fb-4c2c-aff1-e3822e520d74: DetachedLogEvent(LogMessage(debug,[Loading] Done in C:\Users\Pravar\Desktop\hospital-web\project, returning: (hospital-web-build)))
Got request: UnlistenToEvents()
Reading next message from client.
Sending msg to client play-fork-run-19295c68-86fb-4c2c-aff1-e3822e520d74: (6,ReceivedResponse())
Client play-fork-run-19295c68-86fb-4c2c-aff1-e3822e520d74 EOF, shutting down.
Stopping client.
Dropping message (0,ReceivedResponse()) to dead client play-fork-run-19295c68-86fb-4c2c-aff1-e3822e520d74
Client play-fork-run-19295c68-86fb-4c2c-aff1-e3822e520d74 thread exiting.
Dropping message (5,KeyLookupResponse(root/playForkConfig,Vector(AttributeKey[play.forkrun.protocol.ForkConfig]("playForkConfig") in Scope(Build: file:/C:/Users/Pravar/Desktop/hospital-web/, , Project: ProjectReference(file:/C:/Users/Pravar/Desktop/hospital-web/,root))))) to dead client play-fork-run-19295c68-86fb-4c2c-aff1-e3822e520d74
